Using pre-set license
Built from '2020.3/staging' branch; Version is '2020.3.20f1 (41c4e627c95f) revision 4310246'; Using compiler version '192528614'; Build Type 'Release'
OS: 'Windows 10 Home; OS build 19042.1288; Version 2009; 64bit' Language: 'fr' Physical Memory: 8090 MB
BatchMode: 1, IsHumanControllingUs: 0, StartBugReporterOnCrash: 0, Is64bit: 1, IsPro: 0

COMMAND LINE ARGUMENTS:
C:\Program Files\Unity\Hub\Editor\2020.3.20f1\Editor\Unity.exe
-adb2
-batchMode
-noUpm
-name
AssetImportWorker0
-projectPath
C:/Users/pierr/GCO-Project
-logFile
Logs/AssetImportWorker0.log
-srvPort
52394
Successfully changed project path to: C:/Users/pierr/GCO-Project
C:/Users/pierr/GCO-Project
Using Asset Import Pipeline V2.
Refreshing native plugins compatible for Editor in 87.49 ms, found 2 plugins.
Preloading 0 native plugins for Editor in 0.00 ms.
Initialize engine version: 2020.3.20f1 (41c4e627c95f)
[Subsystems] Discovering subsystems at path C:/Program Files/Unity/Hub/Editor/2020.3.20f1/Editor/Data/Resources/UnitySubsystems
[Subsystems] Discovering subsystems at path C:/Users/pierr/GCO-Project/Assets
GfxDevice: creating device client; threaded=0
Direct3D:
    Version:  Direct3D 11.0 [level 11.0]
    Renderer: NVIDIA GeForce GTX 960M (ID=0x139b)
    Vendor:   
    VRAM:     2010 MB
    Driver:   30.0.14.7196
Initialize mono
Mono path[0] = 'C:/Program Files/Unity/Hub/Editor/2020.3.20f1/Editor/Data/Managed'
Mono path[1] = 'C:/Program Files/Unity/Hub/Editor/2020.3.20f1/Editor/Data/MonoBleedingEdge/lib/mono/unityjit'
Mono config path = 'C:/Program Files/Unity/Hub/Editor/2020.3.20f1/Editor/Data/MonoBleedingEdge/etc'
Using monoOptions --debugger-agent=transport=dt_socket,embedding=1,server=y,suspend=n,address=127.0.0.1:56528
Begin MonoManager ReloadAssembly
Registering precompiled unity dll's ...
Register platform support module: C:/Program Files/Unity/Hub/Editor/2020.3.20f1/Editor/Data/PlaybackEngines/WebGLSupport/UnityEditor.WebGL.Extensions.dll
Register platform support module: C:/Program Files/Unity/Hub/Editor/2020.3.20f1/Editor/Data/PlaybackEngines/WindowsStandaloneSupport/UnityEditor.WindowsStandalone.Extensions.dll
Registered in 0.007171 seconds.
Native extension for WindowsStandalone target not found
Native extension for WebGL target not found
Refreshing native plugins compatible for Editor in 92.04 ms, found 2 plugins.
Preloading 0 native plugins for Editor in 0.00 ms.
Mono: successfully reloaded assembly
- Completed reload, in  5.305 seconds
Domain Reload Profiling:
	ReloadAssembly (5306ms)
		BeginReloadAssembly (92ms)
			ExecutionOrderSort (0ms)
			DisableScriptedObjects (0ms)
			BackupInstance (0ms)
			ReleaseScriptingObjects (0ms)
			CreateAndSetChildDomain (2ms)
		EndReloadAssembly (1369ms)
			LoadAssemblies (88ms)
			RebuildTransferFunctionScriptingTraits (0ms)
			SetupTypeCache (725ms)
			ReleaseScriptCaches (0ms)
			RebuildScriptCaches (70ms)
			SetupLoadedEditorAssemblies (416ms)
				LogAssemblyErrors (0ms)
				InitializePlatformSupportModulesInManaged (9ms)
				SetLoadedEditorAssemblies (0ms)
				RefreshPlugins (92ms)
				BeforeProcessingInitializeOnLoad (21ms)
				ProcessInitializeOnLoadAttributes (254ms)
				ProcessInitializeOnLoadMethodAttributes (39ms)
				AfterProcessingInitializeOnLoad (0ms)
				EditorAssembliesLoaded (0ms)
			ExecutionOrderSort2 (0ms)
			AwakeInstancesAfterBackupRestoration (0ms)
Platform modules already initialized, skipping
Registering precompiled user dll's ...
Registered in 0.004856 seconds.
Begin MonoManager ReloadAssembly
Native extension for WindowsStandalone target not found
Native extension for WebGL target not found
Refreshing native plugins compatible for Editor in 82.95 ms, found 2 plugins.
Preloading 0 native plugins for Editor in 0.00 ms.
Mono: successfully reloaded assembly
- Completed reload, in  2.801 seconds
Domain Reload Profiling:
	ReloadAssembly (2802ms)
		BeginReloadAssembly (337ms)
			ExecutionOrderSort (0ms)
			DisableScriptedObjects (7ms)
			BackupInstance (0ms)
			ReleaseScriptingObjects (0ms)
			CreateAndSetChildDomain (66ms)
		EndReloadAssembly (2336ms)
			LoadAssemblies (193ms)
			RebuildTransferFunctionScriptingTraits (0ms)
			SetupTypeCache (1131ms)
			ReleaseScriptCaches (1ms)
			RebuildScriptCaches (150ms)
			SetupLoadedEditorAssemblies (643ms)
				LogAssemblyErrors (0ms)
				InitializePlatformSupportModulesInManaged (10ms)
				SetLoadedEditorAssemblies (0ms)
				RefreshPlugins (83ms)
				BeforeProcessingInitializeOnLoad (142ms)
				ProcessInitializeOnLoadAttributes (389ms)
				ProcessInitializeOnLoadMethodAttributes (7ms)
				AfterProcessingInitializeOnLoad (10ms)
				EditorAssembliesLoaded (1ms)
			ExecutionOrderSort2 (0ms)
			AwakeInstancesAfterBackupRestoration (13ms)
Platform modules already initialized, skipping
========================================================================
Worker process is ready to serve import requests
Launched and connected shader compiler UnityShaderCompiler.exe after 0.24 seconds
Refreshing native plugins compatible for Editor in 0.51 ms, found 2 plugins.
Preloading 0 native plugins for Editor in 0.00 ms.
Unloading 2707 Unused Serialized files (Serialized files now loaded: 0)
System memory in use before: 122.9 MB.
System memory in use after: 123.1 MB.

Unloading 17 unused Assets to reduce memory usage. Loaded Objects now: 3140.
Total: 4.643900 ms (FindLiveObjects: 0.280100 ms CreateObjectMapping: 0.163200 ms MarkObjects: 4.100900 ms  DeleteObjects: 0.097900 ms)

AssetImportParameters requested are different than current active one (requested -> active):
  custom:framework-win-MediaFoundation: 216162199b28c13a410421893ffa2e32 -> 
  custom:video-decoder-ogg-theora: a1e56fd34408186e4bbccfd4996cb3dc -> 
  custom:container-muxer-webm: aa71ff27fc2769a1b78a27578f13a17b -> 
  custom:container-demuxer-webm: 4f35f7cbe854078d1ac9338744f61a02 -> 
  custom:container-demuxer-ogg: 62fdf1f143b41e24485cea50d1cbac27 -> 
  custom:video-encoder-webm-vp8: eb34c28f22e8b96e1ab97ce403110664 -> 
  custom:video-codec-MediaFoundation-h265: 746d11721c4dcdbdad8f713fa42b33f4 -> 
  custom:video-decoder-webm-vp8: 9c59270c3fd7afecdb556c50c9e8de78 -> 
  custom:audio-decoder-ogg-vorbis: bf7c407c2cedff20999df2af8eb42d56 -> 
  custom:audio-encoder-webm-vorbis: bf7c407c2cedff20999df2af8eb42d56 -> 
========================================================================
Received Import Request.
  path: Assets/Readme.asset
  artifactKey: Guid(83c2ed844a8c74b779a4c823d16594b1) Importer(815301076,1909f56bfc062723c751e8b465ee728b)
Start importing Assets/Readme.asset using Guid(83c2ed844a8c74b779a4c823d16594b1) Importer(815301076,1909f56bfc062723c751e8b465ee728b)  -> (artifact id: '8ffd2c44ffeb50c574abb5d0c4453328') in 0.087346 seconds 
  Import took 0.097934 seconds .

========================================================================
Received Prepare
Registering precompiled user dll's ...
Registered in 0.009062 seconds.
Begin MonoManager ReloadAssembly
Native extension for WindowsStandalone target not found
Native extension for WebGL target not found
Refreshing native plugins compatible for Editor in 0.57 ms, found 2 plugins.
Preloading 0 native plugins for Editor in 0.00 ms.
Mono: successfully reloaded assembly
- Completed reload, in  1.602 seconds
Domain Reload Profiling:
	ReloadAssembly (1603ms)
		BeginReloadAssembly (178ms)
			ExecutionOrderSort (0ms)
			DisableScriptedObjects (7ms)
			BackupInstance (0ms)
			ReleaseScriptingObjects (0ms)
			CreateAndSetChildDomain (53ms)
		EndReloadAssembly (1313ms)
			LoadAssemblies (137ms)
			RebuildTransferFunctionScriptingTraits (0ms)
			SetupTypeCache (502ms)
			ReleaseScriptCaches (2ms)
			RebuildScriptCaches (61ms)
			SetupLoadedEditorAssemblies (454ms)
				LogAssemblyErrors (0ms)
				InitializePlatformSupportModulesInManaged (7ms)
				SetLoadedEditorAssemblies (1ms)
				RefreshPlugins (1ms)
				BeforeProcessingInitializeOnLoad (81ms)
				ProcessInitializeOnLoadAttributes (350ms)
				ProcessInitializeOnLoadMethodAttributes (6ms)
				AfterProcessingInitializeOnLoad (8ms)
				EditorAssembliesLoaded (0ms)
			ExecutionOrderSort2 (0ms)
			AwakeInstancesAfterBackupRestoration (14ms)
Platform modules already initialized, skipping
Refreshing native plugins compatible for Editor in 1.22 ms, found 2 plugins.
Preloading 0 native plugins for Editor in 0.00 ms.
Unloading 2597 Unused Serialized files (Serialized files now loaded: 0)
System memory in use before: 114.2 MB.
System memory in use after: 114.4 MB.

Unloading 12 unused Assets to reduce memory usage. Loaded Objects now: 3142.
Total: 8.012800 ms (FindLiveObjects: 0.692200 ms CreateObjectMapping: 0.700800 ms MarkObjects: 6.572300 ms  DeleteObjects: 0.044400 ms)

AssetImportParameters requested are different than current active one (requested -> active):
  custom:framework-win-MediaFoundation: 216162199b28c13a410421893ffa2e32 -> 
  custom:video-decoder-ogg-theora: a1e56fd34408186e4bbccfd4996cb3dc -> 
  custom:container-muxer-webm: aa71ff27fc2769a1b78a27578f13a17b -> 
  custom:container-demuxer-webm: 4f35f7cbe854078d1ac9338744f61a02 -> 
  custom:container-demuxer-ogg: 62fdf1f143b41e24485cea50d1cbac27 -> 
  custom:video-encoder-webm-vp8: eb34c28f22e8b96e1ab97ce403110664 -> 
  custom:video-codec-MediaFoundation-h265: 746d11721c4dcdbdad8f713fa42b33f4 -> 
  custom:video-decoder-webm-vp8: 9c59270c3fd7afecdb556c50c9e8de78 -> 
  custom:audio-decoder-ogg-vorbis: bf7c407c2cedff20999df2af8eb42d56 -> 
  custom:audio-encoder-webm-vorbis: bf7c407c2cedff20999df2af8eb42d56 -> 
========================================================================
Received Prepare
Refreshing native plugins compatible for Editor in 3.73 ms, found 2 plugins.
Preloading 0 native plugins for Editor in 0.00 ms.
Unloading 10 Unused Serialized files (Serialized files now loaded: 0)
System memory in use before: 63.1 MB.
System memory in use after: 63.4 MB.

Unloading 10 unused Assets to reduce memory usage. Loaded Objects now: 3142.
Total: 4.801500 ms (FindLiveObjects: 0.509400 ms CreateObjectMapping: 0.195300 ms MarkObjects: 4.073200 ms  DeleteObjects: 0.022100 ms)

AssetImportParameters requested are different than current active one (requested -> active):
  custom:framework-win-MediaFoundation: 216162199b28c13a410421893ffa2e32 -> 
  custom:video-decoder-ogg-theora: a1e56fd34408186e4bbccfd4996cb3dc -> 
  custom:container-muxer-webm: aa71ff27fc2769a1b78a27578f13a17b -> 
  custom:container-demuxer-webm: 4f35f7cbe854078d1ac9338744f61a02 -> 
  custom:container-demuxer-ogg: 62fdf1f143b41e24485cea50d1cbac27 -> 
  custom:video-encoder-webm-vp8: eb34c28f22e8b96e1ab97ce403110664 -> 
  custom:video-codec-MediaFoundation-h265: 746d11721c4dcdbdad8f713fa42b33f4 -> 
  custom:video-decoder-webm-vp8: 9c59270c3fd7afecdb556c50c9e8de78 -> 
  custom:audio-decoder-ogg-vorbis: bf7c407c2cedff20999df2af8eb42d56 -> 
  custom:audio-encoder-webm-vorbis: bf7c407c2cedff20999df2af8eb42d56 -> 
========================================================================
Received Import Request.
  Time since last request: 251.172995 seconds.
  path: Assets/Materials/Skybox_Mat.mat
  artifactKey: Guid(0ffaa0b7117ba8c47a9d05ae701d4b4d) Importer(815301076,1909f56bfc062723c751e8b465ee728b)
Start importing Assets/Materials/Skybox_Mat.mat using Guid(0ffaa0b7117ba8c47a9d05ae701d4b4d) Importer(815301076,1909f56bfc062723c751e8b465ee728b)  -> (artifact id: '4d54ab3375f41efad00566dcae11def2') in 0.426713 seconds 
  Import took 0.433418 seconds .

========================================================================
Received Import Request.
  Time since last request: 304.611519 seconds.
  path: Assets/ExampleAssets
  artifactKey: Guid(990f5c2df70993f4987a388ca178996a) Importer(815301076,1909f56bfc062723c751e8b465ee728b)
Start importing Assets/ExampleAssets using Guid(990f5c2df70993f4987a388ca178996a) Importer(815301076,1909f56bfc062723c751e8b465ee728b)  -> (artifact id: 'd5ac45704b3e904ca5b19a6457cc79ac') in 0.008646 seconds 
  Import took 0.014204 seconds .

========================================================================
Received Import Request.
  Time since last request: 8.203536 seconds.
  path: Assets/ExampleAssets/GameScene.unity
  artifactKey: Guid(0cdfc81bd8401f84c8253b93d2c396f6) Importer(815301076,1909f56bfc062723c751e8b465ee728b)
Start importing Assets/ExampleAssets/GameScene.unity using Guid(0cdfc81bd8401f84c8253b93d2c396f6) Importer(815301076,1909f56bfc062723c751e8b465ee728b)  -> (artifact id: '60a884c162f36ca24b6994283ae40e1e') in 0.012294 seconds 
  Import took 0.020168 seconds .

========================================================================
Received Import Request.
  Time since last request: 7.436727 seconds.
  path: Assets/ExampleAssets/MainMenu.unity
  artifactKey: Guid(5904f9902c772e649a071832409e1e3e) Importer(815301076,1909f56bfc062723c751e8b465ee728b)
Start importing Assets/ExampleAssets/MainMenu.unity using Guid(5904f9902c772e649a071832409e1e3e) Importer(815301076,1909f56bfc062723c751e8b465ee728b)  -> (artifact id: '1085ff5f4f62cbc256868e7e011fd6a4') in 0.010436 seconds 
  Import took 0.016944 seconds .

========================================================================
Received Import Request.
  Time since last request: 46.125484 seconds.
  path: Assets/ExampleAssets/Doge PROG
  artifactKey: Guid(225203e8ffc606c418fd65a30e49a1ed) Importer(815301076,1909f56bfc062723c751e8b465ee728b)
Start importing Assets/ExampleAssets/Doge PROG using Guid(225203e8ffc606c418fd65a30e49a1ed) Importer(815301076,1909f56bfc062723c751e8b465ee728b)  -> (artifact id: 'f0b426b2cb7157365f59471977230cc7') in 0.013003 seconds 
  Import took 0.020113 seconds .

========================================================================
Received Import Request.
  Time since last request: 2.768095 seconds.
  path: Assets/ExampleAssets/Prefabs
  artifactKey: Guid(5e04804d4b233d04d92ef41852c3f676) Importer(815301076,1909f56bfc062723c751e8b465ee728b)
Start importing Assets/ExampleAssets/Prefabs using Guid(5e04804d4b233d04d92ef41852c3f676) Importer(815301076,1909f56bfc062723c751e8b465ee728b)  -> (artifact id: '768324c56d94b4efa7303716f65df392') in 0.013878 seconds 
  Import took 0.019826 seconds .

========================================================================
Received Import Request.
  Time since last request: 0.051074 seconds.
  path: Assets/ExampleAssets/Prefabs/Construction Light Low.prefab
  artifactKey: Guid(bf0a225a9ff184f2789f3036faaa9150) Importer(815301076,1909f56bfc062723c751e8b465ee728b)
Start importing Assets/ExampleAssets/Prefabs/Construction Light Low.prefab using Guid(bf0a225a9ff184f2789f3036faaa9150) Importer(815301076,1909f56bfc062723c751e8b465ee728b)  -> (artifact id: 'e7f58ff27ec13109e29ca419c47d0c13') in 1.453490 seconds 
  Import took 1.462786 seconds .

========================================================================
Received Import Request.
  Time since last request: 0.000267 seconds.
  path: Assets/ExampleAssets/Prefabs/Workshop Set.prefab
  artifactKey: Guid(a87f0180d46fd334b9025d0314a0dc70) Importer(815301076,1909f56bfc062723c751e8b465ee728b)
Start importing Assets/ExampleAssets/Prefabs/Workshop Set.prefab using Guid(a87f0180d46fd334b9025d0314a0dc70) Importer(815301076,1909f56bfc062723c751e8b465ee728b)  -> (artifact id: 'cb1a72696c319eb08304e2a15d71b105') in 1.753292 seconds 
  Import took 1.761214 seconds .

========================================================================
Received Import Request.
  Time since last request: 0.000364 seconds.
  path: Assets/ExampleAssets/Prefabs/Paint Supplies.prefab
  artifactKey: Guid(283e6530a665e4513959d1cd4883682f) Importer(815301076,1909f56bfc062723c751e8b465ee728b)
Start importing Assets/ExampleAssets/Prefabs/Paint Supplies.prefab using Guid(283e6530a665e4513959d1cd4883682f) Importer(815301076,1909f56bfc062723c751e8b465ee728b)  -> (artifact id: '12887721a8eec918a51daf5d398a0809') in 1.448851 seconds 
  Import took 1.454361 seconds .

========================================================================
Received Import Request.
  Time since last request: 0.000262 seconds.
  path: Assets/ExampleAssets/Prefabs/Workbench_LOD0.prefab
  artifactKey: Guid(c0adcaeba3022437293536832628fdf8) Importer(815301076,1909f56bfc062723c751e8b465ee728b)
Start importing Assets/ExampleAssets/Prefabs/Workbench_LOD0.prefab using Guid(c0adcaeba3022437293536832628fdf8) Importer(815301076,1909f56bfc062723c751e8b465ee728b)  -> (artifact id: 'c9de4f0dd210bafe54835f388b498273') in 0.029635 seconds 
  Import took 0.035445 seconds .

========================================================================
Received Import Request.
  Time since last request: 0.000352 seconds.
  path: Assets/ExampleAssets/Prefabs/Workbench.prefab
  artifactKey: Guid(8850d132797ff49298ba781e8e1c9bfe) Importer(815301076,1909f56bfc062723c751e8b465ee728b)
Start importing Assets/ExampleAssets/Prefabs/Workbench.prefab using Guid(8850d132797ff49298ba781e8e1c9bfe) Importer(815301076,1909f56bfc062723c751e8b465ee728b)  -> (artifact id: '505bbb7a0aa93368fff5244fac9f72af') in 1.130505 seconds 
  Import took 1.137619 seconds .

========================================================================
Received Import Request.
  Time since last request: 0.000336 seconds.
  path: Assets/ExampleAssets/Prefabs/Props.prefab
  artifactKey: Guid(85dfab9623c67784fa7894de63cd1604) Importer(815301076,1909f56bfc062723c751e8b465ee728b)
Start importing Assets/ExampleAssets/Prefabs/Props.prefab using Guid(85dfab9623c67784fa7894de63cd1604) Importer(815301076,1909f56bfc062723c751e8b465ee728b)  -> (artifact id: 'f3faed89da01859078246b9f9c0e1837') in 0.092957 seconds 
  Import took 0.103298 seconds .

========================================================================
Received Import Request.
  Time since last request: 0.000308 seconds.
  path: Assets/ExampleAssets/Prefabs/Workbench_LOD1.prefab
  artifactKey: Guid(38d5ecfa2b93c4095b4cc5d4a590e676) Importer(815301076,1909f56bfc062723c751e8b465ee728b)
Start importing Assets/ExampleAssets/Prefabs/Workbench_LOD1.prefab using Guid(38d5ecfa2b93c4095b4cc5d4a590e676) Importer(815301076,1909f56bfc062723c751e8b465ee728b)  -> (artifact id: '77741510df058aa89c6997181f3a24ce') in 0.027807 seconds 
  Import took 0.033845 seconds .

========================================================================
Received Import Request.
  Time since last request: 320.220101 seconds.
  path: Assets/ExampleAssets/Doge PROG/Canvas.prefab
  artifactKey: Guid(4e65e608f3a5ca045a1fbabb29e884e4) Importer(815301076,1909f56bfc062723c751e8b465ee728b)
Start importing Assets/ExampleAssets/Doge PROG/Canvas.prefab using Guid(4e65e608f3a5ca045a1fbabb29e884e4) Importer(815301076,1909f56bfc062723c751e8b465ee728b)  -> (artifact id: 'b3f41203af440a6a4285a34d5d81b178') in 0.023696 seconds 
  Import took 0.035367 seconds .

========================================================================
Received Import Request.
  Time since last request: 4.139277 seconds.
  path: Assets/ExampleAssets/Doge PROG/GameUI.prefab
  artifactKey: Guid(4e65e608f3a5ca045a1fbabb29e884e4) Importer(815301076,1909f56bfc062723c751e8b465ee728b)
Start importing Assets/ExampleAssets/Doge PROG/GameUI.prefab using Guid(4e65e608f3a5ca045a1fbabb29e884e4) Importer(815301076,1909f56bfc062723c751e8b465ee728b)  -> (artifact id: '7dfff15f16127aaf968ad5d1b91b3ed9') in 0.017150 seconds 
  Import took 0.028564 seconds .

========================================================================
Received Import Request.
  Time since last request: 12.512832 seconds.
  path: Assets/ExampleAssets/Doge PROG/GameUI.prefab
  artifactKey: Guid(4e65e608f3a5ca045a1fbabb29e884e4) Importer(815301076,1909f56bfc062723c751e8b465ee728b)
Start importing Assets/ExampleAssets/Doge PROG/GameUI.prefab using Guid(4e65e608f3a5ca045a1fbabb29e884e4) Importer(815301076,1909f56bfc062723c751e8b465ee728b)  -> (artifact id: '27bb21be3e4c876256f11425bb4e8ea6') in 0.024508 seconds 
  Import took 0.034812 seconds .

========================================================================
Received Import Request.
  Time since last request: 6.913312 seconds.
  path: Assets/ExampleAssets/Doge PROG/GameUI.prefab
  artifactKey: Guid(4e65e608f3a5ca045a1fbabb29e884e4) Importer(815301076,1909f56bfc062723c751e8b465ee728b)
Start importing Assets/ExampleAssets/Doge PROG/GameUI.prefab using Guid(4e65e608f3a5ca045a1fbabb29e884e4) Importer(815301076,1909f56bfc062723c751e8b465ee728b)  -> (artifact id: '2cdfc0798644d550461a5097d3eff402') in 0.020605 seconds 
  Import took 0.040277 seconds .

========================================================================
Received Import Request.
  Time since last request: 7.841643 seconds.
  path: Assets/ExampleAssets/Doge PROG/GameUI.prefab
  artifactKey: Guid(4e65e608f3a5ca045a1fbabb29e884e4) Importer(815301076,1909f56bfc062723c751e8b465ee728b)
Start importing Assets/ExampleAssets/Doge PROG/GameUI.prefab using Guid(4e65e608f3a5ca045a1fbabb29e884e4) Importer(815301076,1909f56bfc062723c751e8b465ee728b)  -> (artifact id: '43a1efc7ee80fcf4c1ba4ed6881e9657') in 0.008566 seconds 
  Import took 0.017556 seconds .

========================================================================
Received Import Request.
  Time since last request: 14.498876 seconds.
  path: Assets/ExampleAssets/Doge PROG/GameUI.prefab
  artifactKey: Guid(4e65e608f3a5ca045a1fbabb29e884e4) Importer(815301076,1909f56bfc062723c751e8b465ee728b)
Start importing Assets/ExampleAssets/Doge PROG/GameUI.prefab using Guid(4e65e608f3a5ca045a1fbabb29e884e4) Importer(815301076,1909f56bfc062723c751e8b465ee728b)  -> (artifact id: '70c9e8cf7e66ad210a93dd3dc6552bc5') in 0.009440 seconds 
  Import took 0.019224 seconds .

========================================================================
Received Import Request.
  Time since last request: 3.640280 seconds.
  path: Assets/ExampleAssets/Doge PROG/GameUI.prefab
  artifactKey: Guid(4e65e608f3a5ca045a1fbabb29e884e4) Importer(815301076,1909f56bfc062723c751e8b465ee728b)
Start importing Assets/ExampleAssets/Doge PROG/GameUI.prefab using Guid(4e65e608f3a5ca045a1fbabb29e884e4) Importer(815301076,1909f56bfc062723c751e8b465ee728b)  -> (artifact id: 'b2d30d93b14a3699d2386c7f1aebd00d') in 0.009492 seconds 
  Import took 0.022599 seconds .

========================================================================
Received Import Request.
  Time since last request: 7.102837 seconds.
  path: Assets/ExampleAssets/Doge PROG/GameUI.prefab
  artifactKey: Guid(4e65e608f3a5ca045a1fbabb29e884e4) Importer(815301076,1909f56bfc062723c751e8b465ee728b)
Start importing Assets/ExampleAssets/Doge PROG/GameUI.prefab using Guid(4e65e608f3a5ca045a1fbabb29e884e4) Importer(815301076,1909f56bfc062723c751e8b465ee728b)  -> (artifact id: 'ee1a1e5bfc088f50c0424ea7059c6c6a') in 0.020493 seconds 
  Import took 0.028479 seconds .

========================================================================
Received Import Request.
  Time since last request: 4.810577 seconds.
  path: Assets/ExampleAssets/Doge PROG/GameUI.prefab
  artifactKey: Guid(4e65e608f3a5ca045a1fbabb29e884e4) Importer(815301076,1909f56bfc062723c751e8b465ee728b)
Start importing Assets/ExampleAssets/Doge PROG/GameUI.prefab using Guid(4e65e608f3a5ca045a1fbabb29e884e4) Importer(815301076,1909f56bfc062723c751e8b465ee728b)  -> (artifact id: '77f134030fb107250b028549c94bdcba') in 0.006761 seconds 
  Import took 0.016046 seconds .

========================================================================
Received Import Request.
  Time since last request: 1.015350 seconds.
  path: Assets/ExampleAssets/Doge PROG/GameUI.prefab
  artifactKey: Guid(4e65e608f3a5ca045a1fbabb29e884e4) Importer(815301076,1909f56bfc062723c751e8b465ee728b)
Start importing Assets/ExampleAssets/Doge PROG/GameUI.prefab using Guid(4e65e608f3a5ca045a1fbabb29e884e4) Importer(815301076,1909f56bfc062723c751e8b465ee728b)  -> (artifact id: 'e58629415060dac0627d45204e80dc09') in 0.008929 seconds 
  Import took 0.017296 seconds .

========================================================================
Received Import Request.
  Time since last request: 2.428651 seconds.
  path: Assets/ExampleAssets/Doge PROG/GameUI.prefab
  artifactKey: Guid(4e65e608f3a5ca045a1fbabb29e884e4) Importer(815301076,1909f56bfc062723c751e8b465ee728b)
Start importing Assets/ExampleAssets/Doge PROG/GameUI.prefab using Guid(4e65e608f3a5ca045a1fbabb29e884e4) Importer(815301076,1909f56bfc062723c751e8b465ee728b)  -> (artifact id: 'db246797ca42b428d18be2d025b0e14d') in 0.008796 seconds 
  Import took 0.016279 seconds .

========================================================================
Received Import Request.
  Time since last request: 1.213839 seconds.
  path: Assets/ExampleAssets/Doge PROG/GameUI.prefab
  artifactKey: Guid(4e65e608f3a5ca045a1fbabb29e884e4) Importer(815301076,1909f56bfc062723c751e8b465ee728b)
Start importing Assets/ExampleAssets/Doge PROG/GameUI.prefab using Guid(4e65e608f3a5ca045a1fbabb29e884e4) Importer(815301076,1909f56bfc062723c751e8b465ee728b)  -> (artifact id: '8ae35942d45c2e4f48e13947de4b3478') in 0.009968 seconds 
  Import took 0.017230 seconds .

========================================================================
Received Import Request.
  Time since last request: 1.001043 seconds.
  path: Assets/ExampleAssets/Doge PROG/GameUI.prefab
  artifactKey: Guid(4e65e608f3a5ca045a1fbabb29e884e4) Importer(815301076,1909f56bfc062723c751e8b465ee728b)
Start importing Assets/ExampleAssets/Doge PROG/GameUI.prefab using Guid(4e65e608f3a5ca045a1fbabb29e884e4) Importer(815301076,1909f56bfc062723c751e8b465ee728b)  -> (artifact id: '9c929daac68aa1c269359a36cae552d3') in 0.009045 seconds 
  Import took 0.015931 seconds .

========================================================================
Received Import Request.
  Time since last request: 3.020318 seconds.
  path: Assets/ExampleAssets/Doge PROG/GameUI.prefab
  artifactKey: Guid(4e65e608f3a5ca045a1fbabb29e884e4) Importer(815301076,1909f56bfc062723c751e8b465ee728b)
Start importing Assets/ExampleAssets/Doge PROG/GameUI.prefab using Guid(4e65e608f3a5ca045a1fbabb29e884e4) Importer(815301076,1909f56bfc062723c751e8b465ee728b)  -> (artifact id: 'dda98db4bb4d37299ca6141c6b46ab21') in 0.010462 seconds 
  Import took 0.019334 seconds .

========================================================================
Received Import Request.
  Time since last request: 3.535102 seconds.
  path: Assets/ExampleAssets/Doge PROG/GameUI.prefab
  artifactKey: Guid(4e65e608f3a5ca045a1fbabb29e884e4) Importer(815301076,1909f56bfc062723c751e8b465ee728b)
Start importing Assets/ExampleAssets/Doge PROG/GameUI.prefab using Guid(4e65e608f3a5ca045a1fbabb29e884e4) Importer(815301076,1909f56bfc062723c751e8b465ee728b)  -> (artifact id: '8aab17bf9a375900b227c12712d2ce52') in 0.007109 seconds 
  Import took 0.016315 seconds .

========================================================================
Received Import Request.
  Time since last request: 3.227122 seconds.
  path: Assets/ExampleAssets/Doge PROG/GameUI.prefab
  artifactKey: Guid(4e65e608f3a5ca045a1fbabb29e884e4) Importer(815301076,1909f56bfc062723c751e8b465ee728b)
Start importing Assets/ExampleAssets/Doge PROG/GameUI.prefab using Guid(4e65e608f3a5ca045a1fbabb29e884e4) Importer(815301076,1909f56bfc062723c751e8b465ee728b)  -> (artifact id: '60a2ac5c97df12a610dd14758d31c973') in 0.010679 seconds 
  Import took 0.017518 seconds .

========================================================================
Received Import Request.
  Time since last request: 1.811953 seconds.
  path: Assets/ExampleAssets/Doge PROG/GameUI.prefab
  artifactKey: Guid(4e65e608f3a5ca045a1fbabb29e884e4) Importer(815301076,1909f56bfc062723c751e8b465ee728b)
Start importing Assets/ExampleAssets/Doge PROG/GameUI.prefab using Guid(4e65e608f3a5ca045a1fbabb29e884e4) Importer(815301076,1909f56bfc062723c751e8b465ee728b)  -> (artifact id: 'f7c83fed32a7b937a0e1768ac6632e82') in 0.009908 seconds 
  Import took 0.018111 seconds .

========================================================================
Received Import Request.
  Time since last request: 1.603157 seconds.
  path: Assets/ExampleAssets/Doge PROG/GameUI.prefab
  artifactKey: Guid(4e65e608f3a5ca045a1fbabb29e884e4) Importer(815301076,1909f56bfc062723c751e8b465ee728b)
Start importing Assets/ExampleAssets/Doge PROG/GameUI.prefab using Guid(4e65e608f3a5ca045a1fbabb29e884e4) Importer(815301076,1909f56bfc062723c751e8b465ee728b)  -> (artifact id: '698d51735712c0c700e413393e6e2481') in 0.009836 seconds 
  Import took 0.017683 seconds .

========================================================================
Received Import Request.
  Time since last request: 0.995720 seconds.
  path: Assets/ExampleAssets/Doge PROG/GameUI.prefab
  artifactKey: Guid(4e65e608f3a5ca045a1fbabb29e884e4) Importer(815301076,1909f56bfc062723c751e8b465ee728b)
Start importing Assets/ExampleAssets/Doge PROG/GameUI.prefab using Guid(4e65e608f3a5ca045a1fbabb29e884e4) Importer(815301076,1909f56bfc062723c751e8b465ee728b)  -> (artifact id: 'a927f7de8a416aad0b7b31cb0309b7fb') in 0.009359 seconds 
  Import took 0.016494 seconds .

========================================================================
Received Import Request.
  Time since last request: 1.799699 seconds.
  path: Assets/ExampleAssets/Doge PROG/GameUI.prefab
  artifactKey: Guid(4e65e608f3a5ca045a1fbabb29e884e4) Importer(815301076,1909f56bfc062723c751e8b465ee728b)
Start importing Assets/ExampleAssets/Doge PROG/GameUI.prefab using Guid(4e65e608f3a5ca045a1fbabb29e884e4) Importer(815301076,1909f56bfc062723c751e8b465ee728b)  -> (artifact id: '7e1e539e06fdbb2be36af8e95c8a423a') in 0.008420 seconds 
  Import took 0.015368 seconds .

========================================================================
Received Import Request.
  Time since last request: 1.617308 seconds.
  path: Assets/ExampleAssets/Doge PROG/GameUI.prefab
  artifactKey: Guid(4e65e608f3a5ca045a1fbabb29e884e4) Importer(815301076,1909f56bfc062723c751e8b465ee728b)
Start importing Assets/ExampleAssets/Doge PROG/GameUI.prefab using Guid(4e65e608f3a5ca045a1fbabb29e884e4) Importer(815301076,1909f56bfc062723c751e8b465ee728b)  -> (artifact id: '701af65b44b0723ddcf63077944f7121') in 0.009040 seconds 
  Import took 0.015915 seconds .

========================================================================
Received Import Request.
  Time since last request: 0.995738 seconds.
  path: Assets/ExampleAssets/Doge PROG/GameUI.prefab
  artifactKey: Guid(4e65e608f3a5ca045a1fbabb29e884e4) Importer(815301076,1909f56bfc062723c751e8b465ee728b)
Start importing Assets/ExampleAssets/Doge PROG/GameUI.prefab using Guid(4e65e608f3a5ca045a1fbabb29e884e4) Importer(815301076,1909f56bfc062723c751e8b465ee728b)  -> (artifact id: '62e3d0e93c47aad5d574cb434735a79e') in 0.007567 seconds 
  Import took 0.017070 seconds .

========================================================================
Received Import Request.
  Time since last request: 0.400330 seconds.
  path: Assets/ExampleAssets/Doge PROG/GameUI.prefab
  artifactKey: Guid(4e65e608f3a5ca045a1fbabb29e884e4) Importer(815301076,1909f56bfc062723c751e8b465ee728b)
Start importing Assets/ExampleAssets/Doge PROG/GameUI.prefab using Guid(4e65e608f3a5ca045a1fbabb29e884e4) Importer(815301076,1909f56bfc062723c751e8b465ee728b)  -> (artifact id: '71d014ed903462ccd7849d07f7829e69') in 0.007137 seconds 
  Import took 0.017197 seconds .

========================================================================
Received Import Request.
  Time since last request: 0.794462 seconds.
  path: Assets/ExampleAssets/Doge PROG/GameUI.prefab
  artifactKey: Guid(4e65e608f3a5ca045a1fbabb29e884e4) Importer(815301076,1909f56bfc062723c751e8b465ee728b)
Start importing Assets/ExampleAssets/Doge PROG/GameUI.prefab using Guid(4e65e608f3a5ca045a1fbabb29e884e4) Importer(815301076,1909f56bfc062723c751e8b465ee728b)  -> (artifact id: '3449a38321d4f2c713c402bedb397474') in 0.007223 seconds 
  Import took 0.019119 seconds .

========================================================================
Received Import Request.
  Time since last request: 6.776292 seconds.
  path: Assets/ExampleAssets/Doge PROG/GameUI.prefab
  artifactKey: Guid(4e65e608f3a5ca045a1fbabb29e884e4) Importer(815301076,1909f56bfc062723c751e8b465ee728b)
Start importing Assets/ExampleAssets/Doge PROG/GameUI.prefab using Guid(4e65e608f3a5ca045a1fbabb29e884e4) Importer(815301076,1909f56bfc062723c751e8b465ee728b)  -> (artifact id: 'ad5f0affcdff69d1c6c851666979f764') in 0.010005 seconds 
  Import took 0.018773 seconds .

========================================================================
Received Import Request.
  Time since last request: 2.623053 seconds.
  path: Assets/ExampleAssets/Doge PROG/GameUI.prefab
  artifactKey: Guid(4e65e608f3a5ca045a1fbabb29e884e4) Importer(815301076,1909f56bfc062723c751e8b465ee728b)
Start importing Assets/ExampleAssets/Doge PROG/GameUI.prefab using Guid(4e65e608f3a5ca045a1fbabb29e884e4) Importer(815301076,1909f56bfc062723c751e8b465ee728b)  -> (artifact id: '216558838207d886e2c804290ea25f81') in 0.010413 seconds 
  Import took 0.020555 seconds .

========================================================================
Received Import Request.
  Time since last request: 4.444084 seconds.
  path: Assets/ExampleAssets/Doge PROG/GameUI.prefab
  artifactKey: Guid(4e65e608f3a5ca045a1fbabb29e884e4) Importer(815301076,1909f56bfc062723c751e8b465ee728b)
Start importing Assets/ExampleAssets/Doge PROG/GameUI.prefab using Guid(4e65e608f3a5ca045a1fbabb29e884e4) Importer(815301076,1909f56bfc062723c751e8b465ee728b)  -> (artifact id: 'cd18398dec3bea3b50b73f6366106009') in 0.008254 seconds 
  Import took 0.018851 seconds .

========================================================================
Received Import Request.
  Time since last request: 4.650606 seconds.
  path: Assets/ExampleAssets/Doge PROG/GameUI.prefab
  artifactKey: Guid(4e65e608f3a5ca045a1fbabb29e884e4) Importer(815301076,1909f56bfc062723c751e8b465ee728b)
Start importing Assets/ExampleAssets/Doge PROG/GameUI.prefab using Guid(4e65e608f3a5ca045a1fbabb29e884e4) Importer(815301076,1909f56bfc062723c751e8b465ee728b)  -> (artifact id: '78d377f999720d9febf876a1840ceaac') in 0.011388 seconds 
  Import took 0.019185 seconds .

========================================================================
Received Import Request.
  Time since last request: 103.238197 seconds.
  path: Assets/ExampleAssets/Doge PROG/GameUI.prefab
  artifactKey: Guid(4e65e608f3a5ca045a1fbabb29e884e4) Importer(815301076,1909f56bfc062723c751e8b465ee728b)
Start importing Assets/ExampleAssets/Doge PROG/GameUI.prefab using Guid(4e65e608f3a5ca045a1fbabb29e884e4) Importer(815301076,1909f56bfc062723c751e8b465ee728b)  -> (artifact id: 'f25082c5fb0f0bb3a120711ba6ffaf67') in 0.007328 seconds 
  Import took 0.014230 seconds .

========================================================================
Received Import Request.
  Time since last request: 2.404773 seconds.
  path: Assets/ExampleAssets/Doge PROG/GameUI.prefab
  artifactKey: Guid(4e65e608f3a5ca045a1fbabb29e884e4) Importer(815301076,1909f56bfc062723c751e8b465ee728b)
Start importing Assets/ExampleAssets/Doge PROG/GameUI.prefab using Guid(4e65e608f3a5ca045a1fbabb29e884e4) Importer(815301076,1909f56bfc062723c751e8b465ee728b)  -> (artifact id: '7c3d85177002e97e86fda6f7249966b9') in 0.008455 seconds 
  Import took 0.017643 seconds .

========================================================================
Received Import Request.
  Time since last request: 0.586851 seconds.
  path: Assets/ExampleAssets/Doge PROG/GameUI.prefab
  artifactKey: Guid(4e65e608f3a5ca045a1fbabb29e884e4) Importer(815301076,1909f56bfc062723c751e8b465ee728b)
Start importing Assets/ExampleAssets/Doge PROG/GameUI.prefab using Guid(4e65e608f3a5ca045a1fbabb29e884e4) Importer(815301076,1909f56bfc062723c751e8b465ee728b)  -> (artifact id: '663c701aaea88fb7c866479cbcbc0a59') in 0.009759 seconds 
  Import took 0.017757 seconds .

========================================================================
Received Import Request.
  Time since last request: 5.866558 seconds.
  path: Assets/ExampleAssets/Doge PROG/GameUI.prefab
  artifactKey: Guid(4e65e608f3a5ca045a1fbabb29e884e4) Importer(815301076,1909f56bfc062723c751e8b465ee728b)
Start importing Assets/ExampleAssets/Doge PROG/GameUI.prefab using Guid(4e65e608f3a5ca045a1fbabb29e884e4) Importer(815301076,1909f56bfc062723c751e8b465ee728b)  -> (artifact id: '19534118a51a26880920e30472a6d5fe') in 0.008814 seconds 
  Import took 0.017865 seconds .

========================================================================
Received Import Request.
  Time since last request: 3.445753 seconds.
  path: Assets/ExampleAssets/Doge PROG/GameUI.prefab
  artifactKey: Guid(4e65e608f3a5ca045a1fbabb29e884e4) Importer(815301076,1909f56bfc062723c751e8b465ee728b)
Start importing Assets/ExampleAssets/Doge PROG/GameUI.prefab using Guid(4e65e608f3a5ca045a1fbabb29e884e4) Importer(815301076,1909f56bfc062723c751e8b465ee728b)  -> (artifact id: '9649f5487913a04935a6f64130521b67') in 0.009020 seconds 
  Import took 0.017313 seconds .

========================================================================
Received Import Request.
  Time since last request: 18.047771 seconds.
  path: Assets/ExampleAssets/Doge PROG/GameUI.prefab
  artifactKey: Guid(4e65e608f3a5ca045a1fbabb29e884e4) Importer(815301076,1909f56bfc062723c751e8b465ee728b)
Start importing Assets/ExampleAssets/Doge PROG/GameUI.prefab using Guid(4e65e608f3a5ca045a1fbabb29e884e4) Importer(815301076,1909f56bfc062723c751e8b465ee728b)  -> (artifact id: '67c6aaa05cac1b31a182757d6c63702e') in 0.008970 seconds 
  Import took 0.017052 seconds .

========================================================================
Received Import Request.
  Time since last request: 2.513263 seconds.
  path: Assets/ExampleAssets/Doge PROG/GameUI.prefab
  artifactKey: Guid(4e65e608f3a5ca045a1fbabb29e884e4) Importer(815301076,1909f56bfc062723c751e8b465ee728b)
Start importing Assets/ExampleAssets/Doge PROG/GameUI.prefab using Guid(4e65e608f3a5ca045a1fbabb29e884e4) Importer(815301076,1909f56bfc062723c751e8b465ee728b)  -> (artifact id: '559a473074f86eb0256f1e6fa0f447fa') in 0.009810 seconds 
  Import took 0.016937 seconds .

========================================================================
Received Import Request.
  Time since last request: 1.815241 seconds.
  path: Assets/ExampleAssets/Doge PROG/GameUI.prefab
  artifactKey: Guid(4e65e608f3a5ca045a1fbabb29e884e4) Importer(815301076,1909f56bfc062723c751e8b465ee728b)
Start importing Assets/ExampleAssets/Doge PROG/GameUI.prefab using Guid(4e65e608f3a5ca045a1fbabb29e884e4) Importer(815301076,1909f56bfc062723c751e8b465ee728b)  -> (artifact id: 'dbf0eb382c4351b5438638721b59bd27') in 0.007066 seconds 
  Import took 0.015441 seconds .

========================================================================
Received Import Request.
  Time since last request: 7.499169 seconds.
  path: Assets/ExampleAssets/Doge PROG/GameUI.prefab
  artifactKey: Guid(4e65e608f3a5ca045a1fbabb29e884e4) Importer(815301076,1909f56bfc062723c751e8b465ee728b)
Start importing Assets/ExampleAssets/Doge PROG/GameUI.prefab using Guid(4e65e608f3a5ca045a1fbabb29e884e4) Importer(815301076,1909f56bfc062723c751e8b465ee728b)  -> (artifact id: '2c88116d263b990e58fbf33a2e164564') in 0.007716 seconds 
  Import took 0.016203 seconds .

========================================================================
Received Import Request.
  Time since last request: 17.808637 seconds.
  path: Assets/ExampleAssets/Doge PROG/GameUI.prefab
  artifactKey: Guid(4e65e608f3a5ca045a1fbabb29e884e4) Importer(815301076,1909f56bfc062723c751e8b465ee728b)
Start importing Assets/ExampleAssets/Doge PROG/GameUI.prefab using Guid(4e65e608f3a5ca045a1fbabb29e884e4) Importer(815301076,1909f56bfc062723c751e8b465ee728b)  -> (artifact id: 'a014c565d3e3fce2ced045f342f11e48') in 0.009300 seconds 
  Import took 0.016638 seconds .

========================================================================
Received Import Request.
  Time since last request: 5.439638 seconds.
  path: Assets/ExampleAssets/Doge PROG/GameUI.prefab
  artifactKey: Guid(4e65e608f3a5ca045a1fbabb29e884e4) Importer(815301076,1909f56bfc062723c751e8b465ee728b)
Start importing Assets/ExampleAssets/Doge PROG/GameUI.prefab using Guid(4e65e608f3a5ca045a1fbabb29e884e4) Importer(815301076,1909f56bfc062723c751e8b465ee728b)  -> (artifact id: '58f0491d689ac15be302244a4ca6b771') in 0.007402 seconds 
  Import took 0.016090 seconds .

========================================================================
Received Import Request.
  Time since last request: 2.657013 seconds.
  path: Assets/ExampleAssets/Doge PROG/GameUI.prefab
  artifactKey: Guid(4e65e608f3a5ca045a1fbabb29e884e4) Importer(815301076,1909f56bfc062723c751e8b465ee728b)
Start importing Assets/ExampleAssets/Doge PROG/GameUI.prefab using Guid(4e65e608f3a5ca045a1fbabb29e884e4) Importer(815301076,1909f56bfc062723c751e8b465ee728b)  -> (artifact id: '9cb9a691a9bdb27abf8dc840857901c9') in 0.011434 seconds 
  Import took 0.018898 seconds .

========================================================================
Received Import Request.
  Time since last request: 2.610400 seconds.
  path: Assets/ExampleAssets/Doge PROG/GameUI.prefab
  artifactKey: Guid(4e65e608f3a5ca045a1fbabb29e884e4) Importer(815301076,1909f56bfc062723c751e8b465ee728b)
Start importing Assets/ExampleAssets/Doge PROG/GameUI.prefab using Guid(4e65e608f3a5ca045a1fbabb29e884e4) Importer(815301076,1909f56bfc062723c751e8b465ee728b)  -> (artifact id: 'f5b8d03d018f9074f099831c3665c7a6') in 0.008260 seconds 
  Import took 0.016452 seconds .

========================================================================
Received Import Request.
  Time since last request: 3.645821 seconds.
  path: Assets/ExampleAssets/Doge PROG/GameUI.prefab
  artifactKey: Guid(4e65e608f3a5ca045a1fbabb29e884e4) Importer(815301076,1909f56bfc062723c751e8b465ee728b)
Start importing Assets/ExampleAssets/Doge PROG/GameUI.prefab using Guid(4e65e608f3a5ca045a1fbabb29e884e4) Importer(815301076,1909f56bfc062723c751e8b465ee728b)  -> (artifact id: '85e338dbed6ba9e00a6c178f62bc847c') in 0.007544 seconds 
  Import took 0.015859 seconds .

========================================================================
Received Import Request.
  Time since last request: 2.870964 seconds.
  path: Assets/ExampleAssets/Doge PROG/GameUI.prefab
  artifactKey: Guid(4e65e608f3a5ca045a1fbabb29e884e4) Importer(815301076,1909f56bfc062723c751e8b465ee728b)
Start importing Assets/ExampleAssets/Doge PROG/GameUI.prefab using Guid(4e65e608f3a5ca045a1fbabb29e884e4) Importer(815301076,1909f56bfc062723c751e8b465ee728b)  -> (artifact id: '041b9c37d33807629ae0674495c06659') in 0.007955 seconds 
  Import took 0.016523 seconds .

========================================================================
Received Import Request.
  Time since last request: 4.598348 seconds.
  path: Assets/ExampleAssets/Doge PROG/GameUI.prefab
  artifactKey: Guid(4e65e608f3a5ca045a1fbabb29e884e4) Importer(815301076,1909f56bfc062723c751e8b465ee728b)
Start importing Assets/ExampleAssets/Doge PROG/GameUI.prefab using Guid(4e65e608f3a5ca045a1fbabb29e884e4) Importer(815301076,1909f56bfc062723c751e8b465ee728b)  -> (artifact id: 'fe315a4f0113ebde950651c816934193') in 0.006846 seconds 
  Import took 0.015490 seconds .

========================================================================
Received Import Request.
  Time since last request: 10.052388 seconds.
  path: Assets/ExampleAssets/Doge PROG/GameUI.prefab
  artifactKey: Guid(4e65e608f3a5ca045a1fbabb29e884e4) Importer(815301076,1909f56bfc062723c751e8b465ee728b)
Start importing Assets/ExampleAssets/Doge PROG/GameUI.prefab using Guid(4e65e608f3a5ca045a1fbabb29e884e4) Importer(815301076,1909f56bfc062723c751e8b465ee728b)  -> (artifact id: '4c7534aab6e7882fa8518263975076fc') in 0.008875 seconds 
  Import took 0.017272 seconds .

========================================================================
Received Import Request.
  Time since last request: 3.009912 seconds.
  path: Assets/ExampleAssets/Doge PROG/GameUI.prefab
  artifactKey: Guid(4e65e608f3a5ca045a1fbabb29e884e4) Importer(815301076,1909f56bfc062723c751e8b465ee728b)
Start importing Assets/ExampleAssets/Doge PROG/GameUI.prefab using Guid(4e65e608f3a5ca045a1fbabb29e884e4) Importer(815301076,1909f56bfc062723c751e8b465ee728b)  -> (artifact id: 'c6870cd6405b715886c52c387e6b2dd4') in 0.007694 seconds 
  Import took 0.016007 seconds .

========================================================================
Received Import Request.
  Time since last request: 1.191409 seconds.
  path: Assets/ExampleAssets/Doge PROG/GameUI.prefab
  artifactKey: Guid(4e65e608f3a5ca045a1fbabb29e884e4) Importer(815301076,1909f56bfc062723c751e8b465ee728b)
Start importing Assets/ExampleAssets/Doge PROG/GameUI.prefab using Guid(4e65e608f3a5ca045a1fbabb29e884e4) Importer(815301076,1909f56bfc062723c751e8b465ee728b)  -> (artifact id: '74a87fe764d255b5b0d62cbf2597ed14') in 0.010181 seconds 
  Import took 0.018842 seconds .

========================================================================
Received Import Request.
  Time since last request: 2.823908 seconds.
  path: Assets/ExampleAssets/Doge PROG/GameUI.prefab
  artifactKey: Guid(4e65e608f3a5ca045a1fbabb29e884e4) Importer(815301076,1909f56bfc062723c751e8b465ee728b)
Start importing Assets/ExampleAssets/Doge PROG/GameUI.prefab using Guid(4e65e608f3a5ca045a1fbabb29e884e4) Importer(815301076,1909f56bfc062723c751e8b465ee728b)  -> (artifact id: 'd7511defbf104cae29285b98642ff803') in 0.006790 seconds 
  Import took 0.014004 seconds .

========================================================================
Received Import Request.
  Time since last request: 3.829580 seconds.
  path: Assets/ExampleAssets/Doge PROG/GameUI.prefab
  artifactKey: Guid(4e65e608f3a5ca045a1fbabb29e884e4) Importer(815301076,1909f56bfc062723c751e8b465ee728b)
Start importing Assets/ExampleAssets/Doge PROG/GameUI.prefab using Guid(4e65e608f3a5ca045a1fbabb29e884e4) Importer(815301076,1909f56bfc062723c751e8b465ee728b)  -> (artifact id: '554cf16c6a6ad459fa70d39696b2fbf0') in 0.009190 seconds 
  Import took 0.016095 seconds .

========================================================================
Received Import Request.
  Time since last request: 2.079715 seconds.
  path: Assets/ExampleAssets/Doge PROG/GameUI.prefab
  artifactKey: Guid(4e65e608f3a5ca045a1fbabb29e884e4) Importer(815301076,1909f56bfc062723c751e8b465ee728b)
Start importing Assets/ExampleAssets/Doge PROG/GameUI.prefab using Guid(4e65e608f3a5ca045a1fbabb29e884e4) Importer(815301076,1909f56bfc062723c751e8b465ee728b)  -> (artifact id: 'a6bdacca71eb195d7bad5ae86cdabf85') in 0.009856 seconds 
  Import took 0.017272 seconds .

========================================================================
Received Import Request.
  Time since last request: 4.427360 seconds.
  path: Assets/ExampleAssets/Doge PROG/GameUI.prefab
  artifactKey: Guid(4e65e608f3a5ca045a1fbabb29e884e4) Importer(815301076,1909f56bfc062723c751e8b465ee728b)
Start importing Assets/ExampleAssets/Doge PROG/GameUI.prefab using Guid(4e65e608f3a5ca045a1fbabb29e884e4) Importer(815301076,1909f56bfc062723c751e8b465ee728b)  -> (artifact id: '9dba3e88a34698bdeb28e23bab9e615c') in 0.006737 seconds 
  Import took 0.013740 seconds .

========================================================================
Received Import Request.
  Time since last request: 1.398099 seconds.
  path: Assets/ExampleAssets/Doge PROG/GameUI.prefab
  artifactKey: Guid(4e65e608f3a5ca045a1fbabb29e884e4) Importer(815301076,1909f56bfc062723c751e8b465ee728b)
Start importing Assets/ExampleAssets/Doge PROG/GameUI.prefab using Guid(4e65e608f3a5ca045a1fbabb29e884e4) Importer(815301076,1909f56bfc062723c751e8b465ee728b)  -> (artifact id: '77750fe7cd481edc79baabb0348a9b5f') in 0.007270 seconds 
  Import took 0.015612 seconds .

========================================================================
Received Import Request.
  Time since last request: 2.594764 seconds.
  path: Assets/ExampleAssets/Doge PROG/GameUI.prefab
  artifactKey: Guid(4e65e608f3a5ca045a1fbabb29e884e4) Importer(815301076,1909f56bfc062723c751e8b465ee728b)
Start importing Assets/ExampleAssets/Doge PROG/GameUI.prefab using Guid(4e65e608f3a5ca045a1fbabb29e884e4) Importer(815301076,1909f56bfc062723c751e8b465ee728b)  -> (artifact id: '68d2a6d17221da4edb6d01cabbdab97d') in 0.010850 seconds 
  Import took 0.017554 seconds .

========================================================================
Received Import Request.
  Time since last request: 2.824800 seconds.
  path: Assets/ExampleAssets/Doge PROG/GameUI.prefab
  artifactKey: Guid(4e65e608f3a5ca045a1fbabb29e884e4) Importer(815301076,1909f56bfc062723c751e8b465ee728b)
Start importing Assets/ExampleAssets/Doge PROG/GameUI.prefab using Guid(4e65e608f3a5ca045a1fbabb29e884e4) Importer(815301076,1909f56bfc062723c751e8b465ee728b)  -> (artifact id: '5a8ebc63b6781b2e30529a67cff39e0a') in 0.009083 seconds 
  Import took 0.017222 seconds .

========================================================================
Received Import Request.
  Time since last request: 2.905736 seconds.
  path: Assets/ExampleAssets/Doge PROG/GameUI.prefab
  artifactKey: Guid(4e65e608f3a5ca045a1fbabb29e884e4) Importer(815301076,1909f56bfc062723c751e8b465ee728b)
Start importing Assets/ExampleAssets/Doge PROG/GameUI.prefab using Guid(4e65e608f3a5ca045a1fbabb29e884e4) Importer(815301076,1909f56bfc062723c751e8b465ee728b)  -> (artifact id: '61f8b9622cd07071aeb5fc28318f4eb6') in 0.010011 seconds 
  Import took 0.018136 seconds .

========================================================================
Received Import Request.
  Time since last request: 1.828170 seconds.
  path: Assets/ExampleAssets/Doge PROG/GameUI.prefab
  artifactKey: Guid(4e65e608f3a5ca045a1fbabb29e884e4) Importer(815301076,1909f56bfc062723c751e8b465ee728b)
Start importing Assets/ExampleAssets/Doge PROG/GameUI.prefab using Guid(4e65e608f3a5ca045a1fbabb29e884e4) Importer(815301076,1909f56bfc062723c751e8b465ee728b)  -> (artifact id: 'fe82344d2fcc2a344a59c10bf9ec9d21') in 0.010219 seconds 
  Import took 0.018058 seconds .

========================================================================
Received Import Request.
  Time since last request: 1.383538 seconds.
  path: Assets/ExampleAssets/Doge PROG/GameUI.prefab
  artifactKey: Guid(4e65e608f3a5ca045a1fbabb29e884e4) Importer(815301076,1909f56bfc062723c751e8b465ee728b)
Start importing Assets/ExampleAssets/Doge PROG/GameUI.prefab using Guid(4e65e608f3a5ca045a1fbabb29e884e4) Importer(815301076,1909f56bfc062723c751e8b465ee728b)  -> (artifact id: 'eddf204fe3fd783213dd29259e588acb') in 0.010933 seconds 
  Import took 0.018060 seconds .

========================================================================
Received Prepare
Registering precompiled user dll's ...
Registered in 0.005441 seconds.
Begin MonoManager ReloadAssembly
Native extension for WindowsStandalone target not found
Native extension for WebGL target not found
Refreshing native plugins compatible for Editor in 0.50 ms, found 2 plugins.
Preloading 0 native plugins for Editor in 0.00 ms.
Mono: successfully reloaded assembly
- Completed reload, in  1.384 seconds
Domain Reload Profiling:
	ReloadAssembly (1384ms)
		BeginReloadAssembly (175ms)
			ExecutionOrderSort (0ms)
			DisableScriptedObjects (9ms)
			BackupInstance (0ms)
			ReleaseScriptingObjects (0ms)
			CreateAndSetChildDomain (56ms)
		EndReloadAssembly (1130ms)
			LoadAssemblies (122ms)
			RebuildTransferFunctionScriptingTraits (0ms)
			SetupTypeCache (431ms)
			ReleaseScriptCaches (1ms)
			RebuildScriptCaches (46ms)
			SetupLoadedEditorAssemblies (346ms)
				LogAssemblyErrors (0ms)
				InitializePlatformSupportModulesInManaged (6ms)
				SetLoadedEditorAssemblies (1ms)
				RefreshPlugins (1ms)
				BeforeProcessingInitializeOnLoad (71ms)
				ProcessInitializeOnLoadAttributes (256ms)
				ProcessInitializeOnLoadMethodAttributes (4ms)
				AfterProcessingInitializeOnLoad (8ms)
				EditorAssembliesLoaded (0ms)
			ExecutionOrderSort2 (0ms)
			AwakeInstancesAfterBackupRestoration (19ms)
Platform modules already initialized, skipping
Refreshing native plugins compatible for Editor in 0.81 ms, found 2 plugins.
Preloading 0 native plugins for Editor in 0.00 ms.
Unloading 2597 Unused Serialized files (Serialized files now loaded: 0)
System memory in use before: 120.0 MB.
System memory in use after: 120.2 MB.

Unloading 13 unused Assets to reduce memory usage. Loaded Objects now: 3224.
Total: 3.967000 ms (FindLiveObjects: 0.321700 ms CreateObjectMapping: 0.130900 ms MarkObjects: 3.488900 ms  DeleteObjects: 0.024300 ms)

AssetImportParameters requested are different than current active one (requested -> active):
  custom:framework-win-MediaFoundation: 216162199b28c13a410421893ffa2e32 -> 
  custom:video-decoder-ogg-theora: a1e56fd34408186e4bbccfd4996cb3dc -> 
  custom:container-muxer-webm: aa71ff27fc2769a1b78a27578f13a17b -> 
  custom:container-demuxer-webm: 4f35f7cbe854078d1ac9338744f61a02 -> 
  custom:container-demuxer-ogg: 62fdf1f143b41e24485cea50d1cbac27 -> 
  custom:video-encoder-webm-vp8: eb34c28f22e8b96e1ab97ce403110664 -> 
  custom:video-codec-MediaFoundation-h265: 746d11721c4dcdbdad8f713fa42b33f4 -> 
  custom:video-decoder-webm-vp8: 9c59270c3fd7afecdb556c50c9e8de78 -> 
  custom:audio-decoder-ogg-vorbis: bf7c407c2cedff20999df2af8eb42d56 -> 
  custom:audio-encoder-webm-vorbis: bf7c407c2cedff20999df2af8eb42d56 -> 
========================================================================
Received Import Request.
  Time since last request: 16.978519 seconds.
  path: Assets/ExampleAssets/Doge PROG/GameUI.prefab
  artifactKey: Guid(4e65e608f3a5ca045a1fbabb29e884e4) Importer(815301076,1909f56bfc062723c751e8b465ee728b)
Start importing Assets/ExampleAssets/Doge PROG/GameUI.prefab using Guid(4e65e608f3a5ca045a1fbabb29e884e4) Importer(815301076,1909f56bfc062723c751e8b465ee728b)  -> (artifact id: '1c3dfbcd0f1ef13856a221a795809301') in 0.050464 seconds 
  Import took 0.056894 seconds .

========================================================================
Received Import Request.
  Time since last request: 1.275031 seconds.
  path: Assets/ExampleAssets/Doge PROG/GameUI.prefab
  artifactKey: Guid(4e65e608f3a5ca045a1fbabb29e884e4) Importer(815301076,1909f56bfc062723c751e8b465ee728b)
Start importing Assets/ExampleAssets/Doge PROG/GameUI.prefab using Guid(4e65e608f3a5ca045a1fbabb29e884e4) Importer(815301076,1909f56bfc062723c751e8b465ee728b)  -> (artifact id: '7fd23ff51a9cce8f975313d158e23a9e') in 0.007637 seconds 
  Import took 0.015486 seconds .

========================================================================
Received Prepare
Registering precompiled user dll's ...
Registered in 0.004694 seconds.
Begin MonoManager ReloadAssembly
Native extension for WindowsStandalone target not found
Native extension for WebGL target not found
Refreshing native plugins compatible for Editor in 0.61 ms, found 2 plugins.
Preloading 0 native plugins for Editor in 0.00 ms.
Mono: successfully reloaded assembly
- Completed reload, in  1.287 seconds
Domain Reload Profiling:
	ReloadAssembly (1288ms)
		BeginReloadAssembly (141ms)
			ExecutionOrderSort (0ms)
			DisableScriptedObjects (5ms)
			BackupInstance (0ms)
			ReleaseScriptingObjects (0ms)
			CreateAndSetChildDomain (41ms)
		EndReloadAssembly (1075ms)
			LoadAssemblies (111ms)
			RebuildTransferFunctionScriptingTraits (0ms)
			SetupTypeCache (358ms)
			ReleaseScriptCaches (1ms)
			RebuildScriptCaches (49ms)
			SetupLoadedEditorAssemblies (379ms)
				LogAssemblyErrors (0ms)
				InitializePlatformSupportModulesInManaged (6ms)
				SetLoadedEditorAssemblies (0ms)
				RefreshPlugins (1ms)
				BeforeProcessingInitializeOnLoad (88ms)
				ProcessInitializeOnLoadAttributes (272ms)
				ProcessInitializeOnLoadMethodAttributes (4ms)
				AfterProcessingInitializeOnLoad (7ms)
				EditorAssembliesLoaded (0ms)
			ExecutionOrderSort2 (0ms)
			AwakeInstancesAfterBackupRestoration (19ms)
Platform modules already initialized, skipping
Refreshing native plugins compatible for Editor in 0.54 ms, found 2 plugins.
Preloading 0 native plugins for Editor in 0.00 ms.
Unloading 2597 Unused Serialized files (Serialized files now loaded: 0)
System memory in use before: 120.1 MB.
System memory in use after: 120.3 MB.

Unloading 12 unused Assets to reduce memory usage. Loaded Objects now: 3226.
Total: 3.993000 ms (FindLiveObjects: 0.264700 ms CreateObjectMapping: 0.143800 ms MarkObjects: 3.520300 ms  DeleteObjects: 0.063000 ms)

AssetImportParameters requested are different than current active one (requested -> active):
  custom:framework-win-MediaFoundation: 216162199b28c13a410421893ffa2e32 -> 
  custom:video-decoder-ogg-theora: a1e56fd34408186e4bbccfd4996cb3dc -> 
  custom:container-muxer-webm: aa71ff27fc2769a1b78a27578f13a17b -> 
  custom:container-demuxer-webm: 4f35f7cbe854078d1ac9338744f61a02 -> 
  custom:container-demuxer-ogg: 62fdf1f143b41e24485cea50d1cbac27 -> 
  custom:video-encoder-webm-vp8: eb34c28f22e8b96e1ab97ce403110664 -> 
  custom:video-codec-MediaFoundation-h265: 746d11721c4dcdbdad8f713fa42b33f4 -> 
  custom:video-decoder-webm-vp8: 9c59270c3fd7afecdb556c50c9e8de78 -> 
  custom:audio-decoder-ogg-vorbis: bf7c407c2cedff20999df2af8eb42d56 -> 
  custom:audio-encoder-webm-vorbis: bf7c407c2cedff20999df2af8eb42d56 -> 
========================================================================
Received Import Request.
  Time since last request: 46.140906 seconds.
  path: Assets/ExampleAssets/Doge PROG/GameUI.prefab
  artifactKey: Guid(4e65e608f3a5ca045a1fbabb29e884e4) Importer(815301076,1909f56bfc062723c751e8b465ee728b)
Start importing Assets/ExampleAssets/Doge PROG/GameUI.prefab using Guid(4e65e608f3a5ca045a1fbabb29e884e4) Importer(815301076,1909f56bfc062723c751e8b465ee728b)  -> (artifact id: 'f91c05e78eb7127e0d730e21955b9d8f') in 0.053568 seconds 
  Import took 0.065747 seconds .

========================================================================
Received Import Request.
  Time since last request: 6.675641 seconds.
  path: Assets/ExampleAssets/Doge PROG/GameUI.prefab
  artifactKey: Guid(4e65e608f3a5ca045a1fbabb29e884e4) Importer(815301076,1909f56bfc062723c751e8b465ee728b)
Start importing Assets/ExampleAssets/Doge PROG/GameUI.prefab using Guid(4e65e608f3a5ca045a1fbabb29e884e4) Importer(815301076,1909f56bfc062723c751e8b465ee728b)  -> (artifact id: '818c87988d5e33d692fa4e6d4a802e51') in 0.011063 seconds 
  Import took 0.018047 seconds .

========================================================================
Received Prepare
Registering precompiled user dll's ...
Registered in 0.004074 seconds.
Begin MonoManager ReloadAssembly
Native extension for WindowsStandalone target not found
Native extension for WebGL target not found
Refreshing native plugins compatible for Editor in 0.50 ms, found 2 plugins.
Preloading 0 native plugins for Editor in 0.00 ms.
Mono: successfully reloaded assembly
- Completed reload, in  1.235 seconds
Domain Reload Profiling:
	ReloadAssembly (1235ms)
		BeginReloadAssembly (147ms)
			ExecutionOrderSort (0ms)
			DisableScriptedObjects (7ms)
			BackupInstance (0ms)
			ReleaseScriptingObjects (0ms)
			CreateAndSetChildDomain (52ms)
		EndReloadAssembly (1007ms)
			LoadAssemblies (111ms)
			RebuildTransferFunctionScriptingTraits (0ms)
			SetupTypeCache (361ms)
			ReleaseScriptCaches (2ms)
			RebuildScriptCaches (46ms)
			SetupLoadedEditorAssemblies (336ms)
				LogAssemblyErrors (0ms)
				InitializePlatformSupportModulesInManaged (6ms)
				SetLoadedEditorAssemblies (1ms)
				RefreshPlugins (1ms)
				BeforeProcessingInitializeOnLoad (76ms)
				ProcessInitializeOnLoadAttributes (242ms)
				ProcessInitializeOnLoadMethodAttributes (4ms)
				AfterProcessingInitializeOnLoad (7ms)
				EditorAssembliesLoaded (0ms)
			ExecutionOrderSort2 (0ms)
			AwakeInstancesAfterBackupRestoration (18ms)
Platform modules already initialized, skipping
Refreshing native plugins compatible for Editor in 0.50 ms, found 2 plugins.
Preloading 0 native plugins for Editor in 0.00 ms.
Unloading 2597 Unused Serialized files (Serialized files now loaded: 0)
System memory in use before: 120.1 MB.
System memory in use after: 120.3 MB.

Unloading 13 unused Assets to reduce memory usage. Loaded Objects now: 3228.
Total: 4.414900 ms (FindLiveObjects: 0.272500 ms CreateObjectMapping: 0.121700 ms MarkObjects: 3.934900 ms  DeleteObjects: 0.084700 ms)

AssetImportParameters requested are different than current active one (requested -> active):
  custom:framework-win-MediaFoundation: 216162199b28c13a410421893ffa2e32 -> 
  custom:video-decoder-ogg-theora: a1e56fd34408186e4bbccfd4996cb3dc -> 
  custom:container-muxer-webm: aa71ff27fc2769a1b78a27578f13a17b -> 
  custom:container-demuxer-webm: 4f35f7cbe854078d1ac9338744f61a02 -> 
  custom:container-demuxer-ogg: 62fdf1f143b41e24485cea50d1cbac27 -> 
  custom:video-encoder-webm-vp8: eb34c28f22e8b96e1ab97ce403110664 -> 
  custom:video-codec-MediaFoundation-h265: 746d11721c4dcdbdad8f713fa42b33f4 -> 
  custom:video-decoder-webm-vp8: 9c59270c3fd7afecdb556c50c9e8de78 -> 
  custom:audio-decoder-ogg-vorbis: bf7c407c2cedff20999df2af8eb42d56 -> 
  custom:audio-encoder-webm-vorbis: bf7c407c2cedff20999df2af8eb42d56 -> 
========================================================================
Received Prepare
Registering precompiled user dll's ...
Registered in 0.005158 seconds.
Begin MonoManager ReloadAssembly
Native extension for WindowsStandalone target not found
Native extension for WebGL target not found
Refreshing native plugins compatible for Editor in 0.53 ms, found 2 plugins.
Preloading 0 native plugins for Editor in 0.00 ms.
Mono: successfully reloaded assembly
- Completed reload, in  1.293 seconds
Domain Reload Profiling:
	ReloadAssembly (1294ms)
		BeginReloadAssembly (153ms)
			ExecutionOrderSort (0ms)
			DisableScriptedObjects (8ms)
			BackupInstance (0ms)
			ReleaseScriptingObjects (0ms)
			CreateAndSetChildDomain (48ms)
		EndReloadAssembly (1051ms)
			LoadAssemblies (121ms)
			RebuildTransferFunctionScriptingTraits (0ms)
			SetupTypeCache (351ms)
			ReleaseScriptCaches (1ms)
			RebuildScriptCaches (46ms)
			SetupLoadedEditorAssemblies (355ms)
				LogAssemblyErrors (0ms)
				InitializePlatformSupportModulesInManaged (8ms)
				SetLoadedEditorAssemblies (0ms)
				RefreshPlugins (1ms)
				BeforeProcessingInitializeOnLoad (77ms)
				ProcessInitializeOnLoadAttributes (255ms)
				ProcessInitializeOnLoadMethodAttributes (4ms)
				AfterProcessingInitializeOnLoad (10ms)
				EditorAssembliesLoaded (0ms)
			ExecutionOrderSort2 (0ms)
			AwakeInstancesAfterBackupRestoration (18ms)
Platform modules already initialized, skipping
Refreshing native plugins compatible for Editor in 0.64 ms, found 2 plugins.
Preloading 0 native plugins for Editor in 0.00 ms.
Unloading 2597 Unused Serialized files (Serialized files now loaded: 0)
System memory in use before: 120.1 MB.
System memory in use after: 120.3 MB.

Unloading 12 unused Assets to reduce memory usage. Loaded Objects now: 3230.
Total: 3.978500 ms (FindLiveObjects: 0.271000 ms CreateObjectMapping: 0.118100 ms MarkObjects: 3.570100 ms  DeleteObjects: 0.018200 ms)

AssetImportParameters requested are different than current active one (requested -> active):
  custom:framework-win-MediaFoundation: 216162199b28c13a410421893ffa2e32 -> 
  custom:video-decoder-ogg-theora: a1e56fd34408186e4bbccfd4996cb3dc -> 
  custom:container-muxer-webm: aa71ff27fc2769a1b78a27578f13a17b -> 
  custom:container-demuxer-webm: 4f35f7cbe854078d1ac9338744f61a02 -> 
  custom:container-demuxer-ogg: 62fdf1f143b41e24485cea50d1cbac27 -> 
  custom:video-encoder-webm-vp8: eb34c28f22e8b96e1ab97ce403110664 -> 
  custom:video-codec-MediaFoundation-h265: 746d11721c4dcdbdad8f713fa42b33f4 -> 
  custom:video-decoder-webm-vp8: 9c59270c3fd7afecdb556c50c9e8de78 -> 
  custom:audio-decoder-ogg-vorbis: bf7c407c2cedff20999df2af8eb42d56 -> 
  custom:audio-encoder-webm-vorbis: bf7c407c2cedff20999df2af8eb42d56 -> 
========================================================================
Received Import Request.
  Time since last request: 46.140049 seconds.
  path: Assets/ExampleAssets/Doge PROG/GameUI.prefab
  artifactKey: Guid(4e65e608f3a5ca045a1fbabb29e884e4) Importer(815301076,1909f56bfc062723c751e8b465ee728b)
Start importing Assets/ExampleAssets/Doge PROG/GameUI.prefab using Guid(4e65e608f3a5ca045a1fbabb29e884e4) Importer(815301076,1909f56bfc062723c751e8b465ee728b)  -> (artifact id: 'fd50319ac336ba4c401a21969fba30cd') in 0.048589 seconds 
  Import took 0.059295 seconds .

========================================================================
Received Import Request.
  Time since last request: 1.354577 seconds.
  path: Assets/ExampleAssets/Doge PROG/GameUI.prefab
  artifactKey: Guid(4e65e608f3a5ca045a1fbabb29e884e4) Importer(815301076,1909f56bfc062723c751e8b465ee728b)
Start importing Assets/ExampleAssets/Doge PROG/GameUI.prefab using Guid(4e65e608f3a5ca045a1fbabb29e884e4) Importer(815301076,1909f56bfc062723c751e8b465ee728b)  -> (artifact id: '9a9fc8e185d6b8a034883caee4406912') in 0.009384 seconds 
  Import took 0.016827 seconds .

========================================================================
Received Import Request.
  Time since last request: 2.611545 seconds.
  path: Assets/ExampleAssets/Doge PROG/GameUI.prefab
  artifactKey: Guid(4e65e608f3a5ca045a1fbabb29e884e4) Importer(815301076,1909f56bfc062723c751e8b465ee728b)
Start importing Assets/ExampleAssets/Doge PROG/GameUI.prefab using Guid(4e65e608f3a5ca045a1fbabb29e884e4) Importer(815301076,1909f56bfc062723c751e8b465ee728b)  -> (artifact id: '8f7b20445dc776d78e09885e5c8e12fc') in 0.009101 seconds 
  Import took 0.015647 seconds .

========================================================================
Received Import Request.
  Time since last request: 3.635197 seconds.
  path: Assets/ExampleAssets/Doge PROG/GameUI.prefab
  artifactKey: Guid(4e65e608f3a5ca045a1fbabb29e884e4) Importer(815301076,1909f56bfc062723c751e8b465ee728b)
Start importing Assets/ExampleAssets/Doge PROG/GameUI.prefab using Guid(4e65e608f3a5ca045a1fbabb29e884e4) Importer(815301076,1909f56bfc062723c751e8b465ee728b)  -> (artifact id: '636b51292cd7eb4b82c147f426775cb6') in 0.009074 seconds 
  Import took 0.015909 seconds .

========================================================================
Received Prepare
Registering precompiled user dll's ...
Registered in 0.004389 seconds.
Begin MonoManager ReloadAssembly
Native extension for WindowsStandalone target not found
Native extension for WebGL target not found
Refreshing native plugins compatible for Editor in 0.50 ms, found 2 plugins.
Preloading 0 native plugins for Editor in 0.00 ms.
Mono: successfully reloaded assembly
- Completed reload, in  1.432 seconds
Domain Reload Profiling:
	ReloadAssembly (1432ms)
		BeginReloadAssembly (128ms)
			ExecutionOrderSort (0ms)
			DisableScriptedObjects (5ms)
			BackupInstance (0ms)
			ReleaseScriptingObjects (0ms)
			CreateAndSetChildDomain (38ms)
		EndReloadAssembly (1218ms)
			LoadAssemblies (131ms)
			RebuildTransferFunctionScriptingTraits (0ms)
			SetupTypeCache (466ms)
			ReleaseScriptCaches (2ms)
			RebuildScriptCaches (56ms)
			SetupLoadedEditorAssemblies (363ms)
				LogAssemblyErrors (0ms)
				InitializePlatformSupportModulesInManaged (6ms)
				SetLoadedEditorAssemblies (1ms)
				RefreshPlugins (1ms)
				BeforeProcessingInitializeOnLoad (70ms)
				ProcessInitializeOnLoadAttributes (270ms)
				ProcessInitializeOnLoadMethodAttributes (5ms)
				AfterProcessingInitializeOnLoad (10ms)
				EditorAssembliesLoaded (0ms)
			ExecutionOrderSort2 (0ms)
			AwakeInstancesAfterBackupRestoration (21ms)
Platform modules already initialized, skipping
Refreshing native plugins compatible for Editor in 0.53 ms, found 2 plugins.
Preloading 0 native plugins for Editor in 0.00 ms.
Unloading 2597 Unused Serialized files (Serialized files now loaded: 0)
System memory in use before: 120.1 MB.
System memory in use after: 120.4 MB.

Unloading 13 unused Assets to reduce memory usage. Loaded Objects now: 3232.
Total: 3.958700 ms (FindLiveObjects: 0.265800 ms CreateObjectMapping: 0.128100 ms MarkObjects: 3.484500 ms  DeleteObjects: 0.079300 ms)

AssetImportParameters requested are different than current active one (requested -> active):
  custom:framework-win-MediaFoundation: 216162199b28c13a410421893ffa2e32 -> 
  custom:video-decoder-ogg-theora: a1e56fd34408186e4bbccfd4996cb3dc -> 
  custom:container-muxer-webm: aa71ff27fc2769a1b78a27578f13a17b -> 
  custom:container-demuxer-webm: 4f35f7cbe854078d1ac9338744f61a02 -> 
  custom:container-demuxer-ogg: 62fdf1f143b41e24485cea50d1cbac27 -> 
  custom:video-encoder-webm-vp8: eb34c28f22e8b96e1ab97ce403110664 -> 
  custom:video-codec-MediaFoundation-h265: 746d11721c4dcdbdad8f713fa42b33f4 -> 
  custom:video-decoder-webm-vp8: 9c59270c3fd7afecdb556c50c9e8de78 -> 
  custom:audio-decoder-ogg-vorbis: bf7c407c2cedff20999df2af8eb42d56 -> 
  custom:audio-encoder-webm-vorbis: bf7c407c2cedff20999df2af8eb42d56 -> 
========================================================================
Received Import Request.
  Time since last request: 15.371325 seconds.
  path: Assets/ExampleAssets/Doge PROG/GameUI.prefab
  artifactKey: Guid(4e65e608f3a5ca045a1fbabb29e884e4) Importer(815301076,1909f56bfc062723c751e8b465ee728b)
Start importing Assets/ExampleAssets/Doge PROG/GameUI.prefab using Guid(4e65e608f3a5ca045a1fbabb29e884e4) Importer(815301076,1909f56bfc062723c751e8b465ee728b)  -> (artifact id: 'a0fab043abec59a086f78537caba6ba7') in 0.048262 seconds 
  Import took 0.053388 seconds .

========================================================================
Received Prepare
Registering precompiled user dll's ...
Registered in 0.005081 seconds.
Begin MonoManager ReloadAssembly
Native extension for WindowsStandalone target not found
Native extension for WebGL target not found
Refreshing native plugins compatible for Editor in 0.52 ms, found 2 plugins.
Preloading 0 native plugins for Editor in 0.00 ms.
Mono: successfully reloaded assembly
- Completed reload, in  1.287 seconds
Domain Reload Profiling:
	ReloadAssembly (1288ms)
		BeginReloadAssembly (126ms)
			ExecutionOrderSort (0ms)
			DisableScriptedObjects (5ms)
			BackupInstance (0ms)
			ReleaseScriptingObjects (0ms)
			CreateAndSetChildDomain (37ms)
		EndReloadAssembly (1087ms)
			LoadAssemblies (112ms)
			RebuildTransferFunctionScriptingTraits (0ms)
			SetupTypeCache (403ms)
			ReleaseScriptCaches (1ms)
			RebuildScriptCaches (52ms)
			SetupLoadedEditorAssemblies (333ms)
				LogAssemblyErrors (0ms)
				InitializePlatformSupportModulesInManaged (8ms)
				SetLoadedEditorAssemblies (0ms)
				RefreshPlugins (1ms)
				BeforeProcessingInitializeOnLoad (72ms)
				ProcessInitializeOnLoadAttributes (241ms)
				ProcessInitializeOnLoadMethodAttributes (4ms)
				AfterProcessingInitializeOnLoad (7ms)
				EditorAssembliesLoaded (0ms)
			ExecutionOrderSort2 (0ms)
			AwakeInstancesAfterBackupRestoration (17ms)
Platform modules already initialized, skipping
Refreshing native plugins compatible for Editor in 1.69 ms, found 2 plugins.
Preloading 0 native plugins for Editor in 0.00 ms.
Unloading 2597 Unused Serialized files (Serialized files now loaded: 0)
System memory in use before: 120.1 MB.
System memory in use after: 120.4 MB.

Unloading 13 unused Assets to reduce memory usage. Loaded Objects now: 3234.
Total: 5.122400 ms (FindLiveObjects: 0.315500 ms CreateObjectMapping: 0.179200 ms MarkObjects: 4.597200 ms  DeleteObjects: 0.028800 ms)

AssetImportParameters requested are different than current active one (requested -> active):
  custom:framework-win-MediaFoundation: 216162199b28c13a410421893ffa2e32 -> 
  custom:video-decoder-ogg-theora: a1e56fd34408186e4bbccfd4996cb3dc -> 
  custom:container-muxer-webm: aa71ff27fc2769a1b78a27578f13a17b -> 
  custom:container-demuxer-webm: 4f35f7cbe854078d1ac9338744f61a02 -> 
  custom:container-demuxer-ogg: 62fdf1f143b41e24485cea50d1cbac27 -> 
  custom:video-encoder-webm-vp8: eb34c28f22e8b96e1ab97ce403110664 -> 
  custom:video-codec-MediaFoundation-h265: 746d11721c4dcdbdad8f713fa42b33f4 -> 
  custom:video-decoder-webm-vp8: 9c59270c3fd7afecdb556c50c9e8de78 -> 
  custom:audio-decoder-ogg-vorbis: bf7c407c2cedff20999df2af8eb42d56 -> 
  custom:audio-encoder-webm-vorbis: bf7c407c2cedff20999df2af8eb42d56 -> 
========================================================================
Received Import Request.
  Time since last request: 13.660565 seconds.
  path: Assets/ExampleAssets/Doge PROG/GameUI.prefab
  artifactKey: Guid(4e65e608f3a5ca045a1fbabb29e884e4) Importer(815301076,1909f56bfc062723c751e8b465ee728b)
Start importing Assets/ExampleAssets/Doge PROG/GameUI.prefab using Guid(4e65e608f3a5ca045a1fbabb29e884e4) Importer(815301076,1909f56bfc062723c751e8b465ee728b)  -> (artifact id: '26719dbe328c2ccbfcd31757f7f39c70') in 0.062500 seconds 
  Import took 0.069613 seconds .

========================================================================
Received Import Request.
  Time since last request: 2.388467 seconds.
  path: Assets/ExampleAssets/Doge PROG/GameUI.prefab
  artifactKey: Guid(4e65e608f3a5ca045a1fbabb29e884e4) Importer(815301076,1909f56bfc062723c751e8b465ee728b)
Start importing Assets/ExampleAssets/Doge PROG/GameUI.prefab using Guid(4e65e608f3a5ca045a1fbabb29e884e4) Importer(815301076,1909f56bfc062723c751e8b465ee728b)  -> (artifact id: '2309d7c9e74ff1ffa02bf67ba167e99a') in 0.007474 seconds 
  Import took 0.015866 seconds .

========================================================================
Received Prepare
Registering precompiled user dll's ...
Registered in 0.004258 seconds.
Begin MonoManager ReloadAssembly
Native extension for WindowsStandalone target not found
Native extension for WebGL target not found
Refreshing native plugins compatible for Editor in 0.74 ms, found 2 plugins.
Preloading 0 native plugins for Editor in 0.00 ms.
Mono: successfully reloaded assembly
- Completed reload, in  1.369 seconds
Domain Reload Profiling:
	ReloadAssembly (1370ms)
		BeginReloadAssembly (131ms)
			ExecutionOrderSort (0ms)
			DisableScriptedObjects (6ms)
			BackupInstance (0ms)
			ReleaseScriptingObjects (0ms)
			CreateAndSetChildDomain (40ms)
		EndReloadAssembly (1163ms)
			LoadAssemblies (107ms)
			RebuildTransferFunctionScriptingTraits (0ms)
			SetupTypeCache (357ms)
			ReleaseScriptCaches (2ms)
			RebuildScriptCaches (64ms)
			SetupLoadedEditorAssemblies (412ms)
				LogAssemblyErrors (0ms)
				InitializePlatformSupportModulesInManaged (7ms)
				SetLoadedEditorAssemblies (1ms)
				RefreshPlugins (1ms)
				BeforeProcessingInitializeOnLoad (98ms)
				ProcessInitializeOnLoadAttributes (293ms)
				ProcessInitializeOnLoadMethodAttributes (4ms)
				AfterProcessingInitializeOnLoad (7ms)
				EditorAssembliesLoaded (0ms)
			ExecutionOrderSort2 (0ms)
			AwakeInstancesAfterBackupRestoration (18ms)
Platform modules already initialized, skipping
Refreshing native plugins compatible for Editor in 0.57 ms, found 2 plugins.
Preloading 0 native plugins for Editor in 0.00 ms.
Unloading 2597 Unused Serialized files (Serialized files now loaded: 0)
System memory in use before: 120.2 MB.
System memory in use after: 120.4 MB.

Unloading 13 unused Assets to reduce memory usage. Loaded Objects now: 3236.
Total: 4.925200 ms (FindLiveObjects: 0.480800 ms CreateObjectMapping: 0.225200 ms MarkObjects: 4.067500 ms  DeleteObjects: 0.150300 ms)

AssetImportParameters requested are different than current active one (requested -> active):
  custom:framework-win-MediaFoundation: 216162199b28c13a410421893ffa2e32 -> 
  custom:video-decoder-ogg-theora: a1e56fd34408186e4bbccfd4996cb3dc -> 
  custom:container-muxer-webm: aa71ff27fc2769a1b78a27578f13a17b -> 
  custom:container-demuxer-webm: 4f35f7cbe854078d1ac9338744f61a02 -> 
  custom:container-demuxer-ogg: 62fdf1f143b41e24485cea50d1cbac27 -> 
  custom:video-encoder-webm-vp8: eb34c28f22e8b96e1ab97ce403110664 -> 
  custom:video-codec-MediaFoundation-h265: 746d11721c4dcdbdad8f713fa42b33f4 -> 
  custom:video-decoder-webm-vp8: 9c59270c3fd7afecdb556c50c9e8de78 -> 
  custom:audio-decoder-ogg-vorbis: bf7c407c2cedff20999df2af8eb42d56 -> 
  custom:audio-encoder-webm-vorbis: bf7c407c2cedff20999df2af8eb42d56 -> 
========================================================================
Received Import Request.
  Time since last request: 14.038122 seconds.
  path: Assets/ExampleAssets/Doge PROG/GameUI.prefab
  artifactKey: Guid(4e65e608f3a5ca045a1fbabb29e884e4) Importer(815301076,1909f56bfc062723c751e8b465ee728b)
Start importing Assets/ExampleAssets/Doge PROG/GameUI.prefab using Guid(4e65e608f3a5ca045a1fbabb29e884e4) Importer(815301076,1909f56bfc062723c751e8b465ee728b)  -> (artifact id: 'ced9f986d4ef8d96e68fbaaa36bf8cdf') in 0.058345 seconds 
  Import took 0.064789 seconds .

========================================================================
Received Import Request.
  Time since last request: 0.626062 seconds.
  path: Assets/ExampleAssets/Doge PROG/GameUI.prefab
  artifactKey: Guid(4e65e608f3a5ca045a1fbabb29e884e4) Importer(815301076,1909f56bfc062723c751e8b465ee728b)
Start importing Assets/ExampleAssets/Doge PROG/GameUI.prefab using Guid(4e65e608f3a5ca045a1fbabb29e884e4) Importer(815301076,1909f56bfc062723c751e8b465ee728b)  -> (artifact id: '8830915dafc52e5479191c357db8fc1c') in 0.008004 seconds 
  Import took 0.019580 seconds .

========================================================================
Received Prepare
Registering precompiled user dll's ...
Registered in 0.005947 seconds.
Begin MonoManager ReloadAssembly
Native extension for WindowsStandalone target not found
Native extension for WebGL target not found
Refreshing native plugins compatible for Editor in 0.60 ms, found 2 plugins.
Preloading 0 native plugins for Editor in 0.00 ms.
Mono: successfully reloaded assembly
- Completed reload, in  1.273 seconds
Domain Reload Profiling:
	ReloadAssembly (1274ms)
		BeginReloadAssembly (166ms)
			ExecutionOrderSort (0ms)
			DisableScriptedObjects (8ms)
			BackupInstance (0ms)
			ReleaseScriptingObjects (0ms)
			CreateAndSetChildDomain (53ms)
		EndReloadAssembly (1015ms)
			LoadAssemblies (140ms)
			RebuildTransferFunctionScriptingTraits (0ms)
			SetupTypeCache (352ms)
			ReleaseScriptCaches (1ms)
			RebuildScriptCaches (45ms)
			SetupLoadedEditorAssemblies (339ms)
				LogAssemblyErrors (0ms)
				InitializePlatformSupportModulesInManaged (7ms)
				SetLoadedEditorAssemblies (1ms)
				RefreshPlugins (1ms)
				BeforeProcessingInitializeOnLoad (80ms)
				ProcessInitializeOnLoadAttributes (240ms)
				ProcessInitializeOnLoadMethodAttributes (4ms)
				AfterProcessingInitializeOnLoad (8ms)
				EditorAssembliesLoaded (0ms)
			ExecutionOrderSort2 (0ms)
			AwakeInstancesAfterBackupRestoration (17ms)
Platform modules already initialized, skipping
Refreshing native plugins compatible for Editor in 0.50 ms, found 2 plugins.
Preloading 0 native plugins for Editor in 0.00 ms.
Unloading 2597 Unused Serialized files (Serialized files now loaded: 0)
System memory in use before: 120.2 MB.
System memory in use after: 120.4 MB.

Unloading 13 unused Assets to reduce memory usage. Loaded Objects now: 3238.
Total: 3.841700 ms (FindLiveObjects: 0.271700 ms CreateObjectMapping: 0.119200 ms MarkObjects: 3.372400 ms  DeleteObjects: 0.077400 ms)

AssetImportParameters requested are different than current active one (requested -> active):
  custom:framework-win-MediaFoundation: 216162199b28c13a410421893ffa2e32 -> 
  custom:video-decoder-ogg-theora: a1e56fd34408186e4bbccfd4996cb3dc -> 
  custom:container-muxer-webm: aa71ff27fc2769a1b78a27578f13a17b -> 
  custom:container-demuxer-webm: 4f35f7cbe854078d1ac9338744f61a02 -> 
  custom:container-demuxer-ogg: 62fdf1f143b41e24485cea50d1cbac27 -> 
  custom:video-encoder-webm-vp8: eb34c28f22e8b96e1ab97ce403110664 -> 
  custom:video-codec-MediaFoundation-h265: 746d11721c4dcdbdad8f713fa42b33f4 -> 
  custom:video-decoder-webm-vp8: 9c59270c3fd7afecdb556c50c9e8de78 -> 
  custom:audio-decoder-ogg-vorbis: bf7c407c2cedff20999df2af8eb42d56 -> 
  custom:audio-encoder-webm-vorbis: bf7c407c2cedff20999df2af8eb42d56 -> 
========================================================================
Received Import Request.
  Time since last request: 13.668987 seconds.
  path: Assets/ExampleAssets/Doge PROG/GameUI.prefab
  artifactKey: Guid(4e65e608f3a5ca045a1fbabb29e884e4) Importer(815301076,1909f56bfc062723c751e8b465ee728b)
Start importing Assets/ExampleAssets/Doge PROG/GameUI.prefab using Guid(4e65e608f3a5ca045a1fbabb29e884e4) Importer(815301076,1909f56bfc062723c751e8b465ee728b)  -> (artifact id: '57a3cf3c7261863d84e502efe1fee251') in 0.072605 seconds 
  Import took 0.085672 seconds .

========================================================================
Received Prepare
Registering precompiled user dll's ...
Registered in 0.004853 seconds.
Begin MonoManager ReloadAssembly
Native extension for WindowsStandalone target not found
Native extension for WebGL target not found
Refreshing native plugins compatible for Editor in 0.70 ms, found 2 plugins.
Preloading 0 native plugins for Editor in 0.00 ms.
Mono: successfully reloaded assembly
- Completed reload, in  1.677 seconds
Domain Reload Profiling:
	ReloadAssembly (1677ms)
		BeginReloadAssembly (130ms)
			ExecutionOrderSort (0ms)
			DisableScriptedObjects (6ms)
			BackupInstance (0ms)
			ReleaseScriptingObjects (0ms)
			CreateAndSetChildDomain (40ms)
		EndReloadAssembly (1463ms)
			LoadAssemblies (109ms)
			RebuildTransferFunctionScriptingTraits (0ms)
			SetupTypeCache (525ms)
			ReleaseScriptCaches (2ms)
			RebuildScriptCaches (107ms)
			SetupLoadedEditorAssemblies (473ms)
				LogAssemblyErrors (0ms)
				InitializePlatformSupportModulesInManaged (8ms)
				SetLoadedEditorAssemblies (1ms)
				RefreshPlugins (1ms)
				BeforeProcessingInitializeOnLoad (84ms)
				ProcessInitializeOnLoadAttributes (364ms)
				ProcessInitializeOnLoadMethodAttributes (5ms)
				AfterProcessingInitializeOnLoad (10ms)
				EditorAssembliesLoaded (1ms)
			ExecutionOrderSort2 (0ms)
			AwakeInstancesAfterBackupRestoration (22ms)
Platform modules already initialized, skipping
Refreshing native plugins compatible for Editor in 1.44 ms, found 2 plugins.
Preloading 0 native plugins for Editor in 0.00 ms.
Unloading 2597 Unused Serialized files (Serialized files now loaded: 0)
System memory in use before: 120.2 MB.
System memory in use after: 120.4 MB.

Unloading 13 unused Assets to reduce memory usage. Loaded Objects now: 3240.
Total: 7.228000 ms (FindLiveObjects: 0.329600 ms CreateObjectMapping: 0.148600 ms MarkObjects: 6.683000 ms  DeleteObjects: 0.065400 ms)

AssetImportParameters requested are different than current active one (requested -> active):
  custom:framework-win-MediaFoundation: 216162199b28c13a410421893ffa2e32 -> 
  custom:video-decoder-ogg-theora: a1e56fd34408186e4bbccfd4996cb3dc -> 
  custom:container-muxer-webm: aa71ff27fc2769a1b78a27578f13a17b -> 
  custom:container-demuxer-webm: 4f35f7cbe854078d1ac9338744f61a02 -> 
  custom:container-demuxer-ogg: 62fdf1f143b41e24485cea50d1cbac27 -> 
  custom:video-encoder-webm-vp8: eb34c28f22e8b96e1ab97ce403110664 -> 
  custom:video-codec-MediaFoundation-h265: 746d11721c4dcdbdad8f713fa42b33f4 -> 
  custom:video-decoder-webm-vp8: 9c59270c3fd7afecdb556c50c9e8de78 -> 
  custom:audio-decoder-ogg-vorbis: bf7c407c2cedff20999df2af8eb42d56 -> 
  custom:audio-encoder-webm-vorbis: bf7c407c2cedff20999df2af8eb42d56 -> 
========================================================================
Received Import Request.
  Time since last request: 14.164189 seconds.
  path: Assets/ExampleAssets/Doge PROG/GameUI.prefab
  artifactKey: Guid(4e65e608f3a5ca045a1fbabb29e884e4) Importer(815301076,1909f56bfc062723c751e8b465ee728b)
Start importing Assets/ExampleAssets/Doge PROG/GameUI.prefab using Guid(4e65e608f3a5ca045a1fbabb29e884e4) Importer(815301076,1909f56bfc062723c751e8b465ee728b)  -> (artifact id: '62ea5148fb80dc165ee43739ac22294f') in 0.055046 seconds 
  Import took 0.061121 seconds .

